<?xml version="1.0" encoding="UTF-8"?>
<testng-results ignored="0" total="1" passed="1" failed="0" skipped="0">
  <reporter-output>
  </reporter-output>
  <suite started-at="2025-04-01T16:22:30 IST" name="Default suite" finished-at="2025-04-01T16:22:31 IST" duration-ms="846">
    <groups>
    </groups>
    <test started-at="2025-04-01T16:22:30 IST" name="Default test" finished-at="2025-04-01T16:22:31 IST" duration-ms="846">
      <class name="com.test.Latest_Brain.Latest_use_Brain">
        <test-method is-config="true" signature="setup()[pri:0, instance:com.test.Latest_Brain.Latest_use_Brain@957e06]" started-at="2025-04-01T16:22:30 IST" name="setup" finished-at="2025-04-01T16:22:31 IST" duration-ms="512" status="PASS">
          <reporter-output>
          </reporter-output>
        </test-method> <!-- setup -->
        <test-method signature="verifyDatabaseRecords()[pri:0, instance:com.test.Latest_Brain.Latest_use_Brain@957e06]" started-at="2025-04-01T16:22:31 IST" name="verifyDatabaseRecords" finished-at="2025-04-01T16:22:31 IST" duration-ms="310" status="PASS">
          <reporter-output>
          </reporter-output>
        </test-method> <!-- verifyDatabaseRecords -->
        <test-method is-config="true" signature="tearDown()[pri:0, instance:com.test.Latest_Brain.Latest_use_Brain@957e06]" started-at="2025-04-01T16:22:31 IST" name="tearDown" finished-at="2025-04-01T16:22:31 IST" duration-ms="1" status="PASS">
          <reporter-output>
          </reporter-output>
        </test-method> <!-- tearDown -->
      </class> <!-- com.test.Latest_Brain.Latest_use_Brain -->
    </test> <!-- Default test -->
  </suite> <!-- Default suite -->
</testng-results>
